[1.163s] Invoking command in '/home/yasudamarin/ros2_ws/src/mypkg': PYTHONPATH=/home/yasudamarin/ros2_ws/src/mypkg/install/mypkg/lib/python3.10/site-packages:${PYTHONPATH} /usr/bin/python3 setup.py egg_info --egg-base build/mypkg build --build-base /home/yasudamarin/ros2_ws/src/mypkg/build/mypkg/build install --prefix /home/yasudamarin/ros2_ws/src/mypkg/install/mypkg --record /home/yasudamarin/ros2_ws/src/mypkg/build/mypkg/install.log --single-version-externally-managed
[1.486s] running egg_info
[1.487s] writing build/mypkg/mypkg.egg-info/PKG-INFO
[1.488s] writing dependency_links to build/mypkg/mypkg.egg-info/dependency_links.txt
[1.488s] writing entry points to build/mypkg/mypkg.egg-info/entry_points.txt
[1.489s] writing requirements to build/mypkg/mypkg.egg-info/requires.txt
[1.489s] writing top-level names to build/mypkg/mypkg.egg-info/top_level.txt
[1.491s] reading manifest file 'build/mypkg/mypkg.egg-info/SOURCES.txt'
[1.492s] writing manifest file 'build/mypkg/mypkg.egg-info/SOURCES.txt'
[1.493s] running build
[1.493s] running build_py
[1.493s] running install
[1.493s] /usr/lib/python3/dist-packages/setuptools/command/install.py:34: SetuptoolsDeprecationWarning: setup.py install is deprecated. Use build and pip and other standards-based tools.
[1.494s]   warnings.warn(
[1.494s] running install_lib
[1.496s] running install_data
[1.496s] copying package.xml -> /home/yasudamarin/ros2_ws/src/mypkg/install/mypkg/share/mypkg
[1.497s] copying launch/talk_listen.launch.py -> /home/yasudamarin/ros2_ws/src/mypkg/install/mypkg/share/mypkg
[1.497s] running install_egg_info
[1.499s] removing '/home/yasudamarin/ros2_ws/src/mypkg/install/mypkg/lib/python3.10/site-packages/mypkg-0.0.0-py3.10.egg-info' (and everything under it)
[1.500s] Copying build/mypkg/mypkg.egg-info to /home/yasudamarin/ros2_ws/src/mypkg/install/mypkg/lib/python3.10/site-packages/mypkg-0.0.0-py3.10.egg-info
[1.502s] running install_scripts
[1.531s] Installing listener script to /home/yasudamarin/ros2_ws/src/mypkg/install/mypkg/lib/mypkg
[1.531s] Installing talker script to /home/yasudamarin/ros2_ws/src/mypkg/install/mypkg/lib/mypkg
[1.532s] writing list of installed files to '/home/yasudamarin/ros2_ws/src/mypkg/build/mypkg/install.log'
[1.570s] Invoked command in '/home/yasudamarin/ros2_ws/src/mypkg' returned '0': PYTHONPATH=/home/yasudamarin/ros2_ws/src/mypkg/install/mypkg/lib/python3.10/site-packages:${PYTHONPATH} /usr/bin/python3 setup.py egg_info --egg-base build/mypkg build --build-base /home/yasudamarin/ros2_ws/src/mypkg/build/mypkg/build install --prefix /home/yasudamarin/ros2_ws/src/mypkg/install/mypkg --record /home/yasudamarin/ros2_ws/src/mypkg/build/mypkg/install.log --single-version-externally-managed
