[0.641s] Invoking command in '/home/yasudamarin/ros2_ws/src/mypkg': PYTHONPATH=/home/yasudamarin/ros2_ws/src/mypkg/install/mypkg/lib/python3.10/site-packages:${PYTHONPATH} /usr/bin/python3 setup.py egg_info --egg-base build/mypkg build --build-base /home/yasudamarin/ros2_ws/src/mypkg/build/mypkg/build install --prefix /home/yasudamarin/ros2_ws/src/mypkg/install/mypkg --record /home/yasudamarin/ros2_ws/src/mypkg/build/mypkg/install.log --single-version-externally-managed
[0.891s] running egg_info
[0.892s] creating build/mypkg/mypkg.egg-info
[0.892s] writing build/mypkg/mypkg.egg-info/PKG-INFO
[0.892s] writing dependency_links to build/mypkg/mypkg.egg-info/dependency_links.txt
[0.893s] writing entry points to build/mypkg/mypkg.egg-info/entry_points.txt
[0.893s] writing requirements to build/mypkg/mypkg.egg-info/requires.txt
[0.893s] writing top-level names to build/mypkg/mypkg.egg-info/top_level.txt
[0.893s] writing manifest file 'build/mypkg/mypkg.egg-info/SOURCES.txt'
[0.895s] reading manifest file 'build/mypkg/mypkg.egg-info/SOURCES.txt'
[0.895s] writing manifest file 'build/mypkg/mypkg.egg-info/SOURCES.txt'
[0.895s] running build
[0.896s] running build_py
[0.896s] creating /home/yasudamarin/ros2_ws/src/mypkg/build/mypkg/build
[0.896s] creating /home/yasudamarin/ros2_ws/src/mypkg/build/mypkg/build/lib
[0.896s] creating /home/yasudamarin/ros2_ws/src/mypkg/build/mypkg/build/lib/mypkg
[0.896s] copying mypkg/talker.py -> /home/yasudamarin/ros2_ws/src/mypkg/build/mypkg/build/lib/mypkg
[0.897s] copying mypkg/listener.py -> /home/yasudamarin/ros2_ws/src/mypkg/build/mypkg/build/lib/mypkg
[0.897s] copying mypkg/__init__.py -> /home/yasudamarin/ros2_ws/src/mypkg/build/mypkg/build/lib/mypkg
[0.897s] running install
[0.897s] /usr/lib/python3/dist-packages/setuptools/command/install.py:34: SetuptoolsDeprecationWarning: setup.py install is deprecated. Use build and pip and other standards-based tools.
[0.897s]   warnings.warn(
[0.897s] running install_lib
[0.898s] creating /home/yasudamarin/ros2_ws/src/mypkg/install/mypkg/lib/python3.10/site-packages/mypkg
[0.898s] copying /home/yasudamarin/ros2_ws/src/mypkg/build/mypkg/build/lib/mypkg/talker.py -> /home/yasudamarin/ros2_ws/src/mypkg/install/mypkg/lib/python3.10/site-packages/mypkg
[0.899s] copying /home/yasudamarin/ros2_ws/src/mypkg/build/mypkg/build/lib/mypkg/listener.py -> /home/yasudamarin/ros2_ws/src/mypkg/install/mypkg/lib/python3.10/site-packages/mypkg
[0.899s] copying /home/yasudamarin/ros2_ws/src/mypkg/build/mypkg/build/lib/mypkg/__init__.py -> /home/yasudamarin/ros2_ws/src/mypkg/install/mypkg/lib/python3.10/site-packages/mypkg
[0.899s] byte-compiling /home/yasudamarin/ros2_ws/src/mypkg/install/mypkg/lib/python3.10/site-packages/mypkg/talker.py to talker.cpython-310.pyc
[0.899s] byte-compiling /home/yasudamarin/ros2_ws/src/mypkg/install/mypkg/lib/python3.10/site-packages/mypkg/listener.py to listener.cpython-310.pyc
[0.900s] byte-compiling /home/yasudamarin/ros2_ws/src/mypkg/install/mypkg/lib/python3.10/site-packages/mypkg/__init__.py to __init__.cpython-310.pyc
[0.900s] running install_data
[0.901s] creating /home/yasudamarin/ros2_ws/src/mypkg/install/mypkg/share/ament_index
[0.901s] creating /home/yasudamarin/ros2_ws/src/mypkg/install/mypkg/share/ament_index/resource_index
[0.901s] creating /home/yasudamarin/ros2_ws/src/mypkg/install/mypkg/share/ament_index/resource_index/packages
[0.901s] copying resource/mypkg -> /home/yasudamarin/ros2_ws/src/mypkg/install/mypkg/share/ament_index/resource_index/packages
[0.902s] copying package.xml -> /home/yasudamarin/ros2_ws/src/mypkg/install/mypkg/share/mypkg
[0.902s] running install_egg_info
[0.903s] Copying build/mypkg/mypkg.egg-info to /home/yasudamarin/ros2_ws/src/mypkg/install/mypkg/lib/python3.10/site-packages/mypkg-0.0.0-py3.10.egg-info
[0.904s] running install_scripts
[0.924s] Installing listener script to /home/yasudamarin/ros2_ws/src/mypkg/install/mypkg/lib/mypkg
[0.925s] Installing talker script to /home/yasudamarin/ros2_ws/src/mypkg/install/mypkg/lib/mypkg
[0.925s] writing list of installed files to '/home/yasudamarin/ros2_ws/src/mypkg/build/mypkg/install.log'
[0.952s] Invoked command in '/home/yasudamarin/ros2_ws/src/mypkg' returned '0': PYTHONPATH=/home/yasudamarin/ros2_ws/src/mypkg/install/mypkg/lib/python3.10/site-packages:${PYTHONPATH} /usr/bin/python3 setup.py egg_info --egg-base build/mypkg build --build-base /home/yasudamarin/ros2_ws/src/mypkg/build/mypkg/build install --prefix /home/yasudamarin/ros2_ws/src/mypkg/install/mypkg --record /home/yasudamarin/ros2_ws/src/mypkg/build/mypkg/install.log --single-version-externally-managed
